2014-08-26 21:07:32.332 HelloWorld[9089:70b] Multi-tasking -> Device: YES, App: YES
2014-08-26 21:07:32.367 HelloWorld[9089:70b] Unlimited access to network resources
2014-08-26 21:07:32.372 HelloWorld[9089:70b] 

Started backup to iCloud! Please be careful.
Your application might rejected by Apple if you store too much data.
For more information please read "iOS Data Storage Guidelines"
You could find it at the following address https://developer.apple.com/icloud/documentation/data-storage/ .

2014-08-26 21:07:32.836 HelloWorld[9089:70b] Resetting plugins due to page load.
2014-08-26 21:07:33.407 HelloWorld[9089:70b] Finished load of: file:///Users/cdaenzer/Library/Application%20Support/iPhone%20Simulator/7.1/Applications/3F2B510F-E15D-4D28-A1CB-237690455C85/HelloWorld.app/www/index.html
2014-08-28 15:32:34.346 HelloWorld[19970:70b] Multi-tasking -> Device: YES, App: YES
2014-08-28 15:32:34.453 HelloWorld[19970:70b] Unlimited access to network resources
2014-08-28 15:32:34.457 HelloWorld[19970:70b] 

Started backup to iCloud! Please be careful.
Your application might rejected by Apple if you store too much data.
For more information please read "iOS Data Storage Guidelines"
You could find it at the following address https://developer.apple.com/icloud/documentation/data-storage/ .

2014-08-28 15:32:34.902 HelloWorld[19970:70b] Resetting plugins due to page load.
2014-08-28 15:32:35.014 HelloWorld[19970:70b] Finished load of: file:///Users/cdaenzer/Library/Application%20Support/iPhone%20Simulator/7.1/Applications/3F2B510F-E15D-4D28-A1CB-237690455C85/HelloWorld.app/www/index.html
2014-09-06 14:57:04.090 BestSkiAreas[34750:70b] Multi-tasking -> Device: YES, App: YES
2014-09-06 14:57:04.127 BestSkiAreas[34750:70b] Unlimited access to network resources
2014-09-06 14:57:04.134 BestSkiAreas[34750:70b] 

Started backup to iCloud! Please be careful.
Your application might rejected by Apple if you store too much data.
For more information please read "iOS Data Storage Guidelines"
You could find it at the following address https://developer.apple.com/icloud/documentation/data-storage/ .

2014-09-06 14:57:04.667 BestSkiAreas[34750:70b] Resetting plugins due to page load.
2014-09-06 14:57:05.080 BestSkiAreas[34750:70b] Finished load of: file:///Users/cdaenzer/Library/Application%20Support/iPhone%20Simulator/7.1/Applications/4D98B378-D58A-4E6D-9C0C-1F7F4CCA82DC/BestSkiAreas.app/www/index.html
2014-09-06 15:03:09.917 BestSkiAreas[35096:70b] Multi-tasking -> Device: YES, App: YES
2014-09-06 15:03:09.928 BestSkiAreas[35096:70b] Unlimited access to network resources
2014-09-06 15:03:09.932 BestSkiAreas[35096:70b] 

Started backup to iCloud! Please be careful.
Your application might rejected by Apple if you store too much data.
For more information please read "iOS Data Storage Guidelines"
You could find it at the following address https://developer.apple.com/icloud/documentation/data-storage/ .

2014-09-06 15:03:10.104 BestSkiAreas[35096:70b] Resetting plugins due to page load.
2014-09-06 15:03:10.318 BestSkiAreas[35096:70b] Finished load of: file:///Users/cdaenzer/Library/Application%20Support/iPhone%20Simulator/7.1/Applications/4D98B378-D58A-4E6D-9C0C-1F7F4CCA82DC/BestSkiAreas.app/www/index.html
Terminating in response to SpringBoard's termination.
2014-09-06 15:59:23.000 BestSkiAreas[35657:70b] Multi-tasking -> Device: YES, App: YES
2014-09-06 15:59:23.012 BestSkiAreas[35657:70b] Unlimited access to network resources
2014-09-06 15:59:23.016 BestSkiAreas[35657:70b] 

Started backup to iCloud! Please be careful.
Your application might rejected by Apple if you store too much data.
For more information please read "iOS Data Storage Guidelines"
You could find it at the following address https://developer.apple.com/icloud/documentation/data-storage/ .

2014-09-06 15:59:23.386 BestSkiAreas[35657:70b] Resetting plugins due to page load.
2014-09-06 15:59:23.868 BestSkiAreas[35657:70b] Finished load of: file:///Users/cdaenzer/Library/Application%20Support/iPhone%20Simulator/7.1/Applications/4D98B378-D58A-4E6D-9C0C-1F7F4CCA82DC/BestSkiAreas.app/www/index.html
2014-09-06 16:04:15.219 BestSkiAreas[35962:70b] Multi-tasking -> Device: YES, App: YES
2014-09-06 16:04:15.225 BestSkiAreas[35962:70b] Unlimited access to network resources
2014-09-06 16:04:15.229 BestSkiAreas[35962:70b] 

Started backup to iCloud! Please be careful.
Your application might rejected by Apple if you store too much data.
For more information please read "iOS Data Storage Guidelines"
You could find it at the following address https://developer.apple.com/icloud/documentation/data-storage/ .

2014-09-06 16:04:15.285 BestSkiAreas[35962:70b] Resetting plugins due to page load.
2014-09-06 16:04:15.381 BestSkiAreas[35962:70b] Finished load of: file:///Users/cdaenzer/Library/Application%20Support/iPhone%20Simulator/7.1/Applications/4D98B378-D58A-4E6D-9C0C-1F7F4CCA82DC/BestSkiAreas.app/www/index.html
Terminating in response to SpringBoard's termination.
2014-09-06 16:04:58.891 BestSkiAreas[36276:70b] Multi-tasking -> Device: YES, App: YES
2014-09-06 16:04:58.903 BestSkiAreas[36276:70b] Unlimited access to network resources
2014-09-06 16:04:58.908 BestSkiAreas[36276:70b] 

Started backup to iCloud! Please be careful.
Your application might rejected by Apple if you store too much data.
For more information please read "iOS Data Storage Guidelines"
You could find it at the following address https://developer.apple.com/icloud/documentation/data-storage/ .

2014-09-06 16:04:59.098 BestSkiAreas[36276:70b] Resetting plugins due to page load.
2014-09-06 16:04:59.296 BestSkiAreas[36276:70b] Finished load of: file:///Users/cdaenzer/Library/Application%20Support/iPhone%20Simulator/7.1/Applications/4D98B378-D58A-4E6D-9C0C-1F7F4CCA82DC/BestSkiAreas.app/www/index.html
